
** maxlevel set to 4
  **
  ** Beginning refinement level 0
  **

[cadd90]
%IMPACT-I (openwt): Request to open FORMATTED file prepwizard-impref_1_ref0.out on unit   2
 Entering IMPACT execution environment 
 Date: Wednesday, March 08 2023, at 09:53:31 CST
 Impact version 91117
 mmshare version        54117
 Copyright (c) Schrodinger, LLC.
 All Rights Reserved.

 Host: Linux cadd90 3.10.0-1160.el7.x86_64 #1 SMP Tue Aug 18 14:50:17 EDT 2020 x86_64
 Job Name: prepwizard-impref_1_ref0
 SCHRODINGER  directory: /home/sdr21/schrodinger21-2_crack
 IMPACT_EXEC  directory: /home/sdr21/schrodinger21-2_crack/impact-v9.1/bin/Linux-x86_64
 MMSHARE_EXEC directory: /home/sdr21/schrodinger21-2_crack/mmshare-v5.4/bin/Linux-x86_64

 Clock-based global random seed:     1678240411
%IMPACT-I(foldmain): calling S-OPLS atomtyping ...
%IMPACT-I(foldmain): finished parameter assignment
 PARM read from file "paramstd.dat"
 Parameter obtained from atomtyping
      Current coord. are written to file: "prepwizard-impref_1.init_coord.rst"
      Box dimensions not written


 Total number of atoms  =  4593
 
 Neighbor List Cutoff Settings
 ==================================
 Cutoff radius:   10.0000000000000     
 Update frequency: every           10  steps
 Species   1 : Neighbors are calculated on a per residue basis
 Species   1 : Cutoff by inter-atomic distances
 
 Step number:          0         Non-bonded count:  1434607
 E-pot        RMS grad     Max grad    
  6.41285E+01  1.22068E+01  2.96088E+02
 Step number:         10         Non-bonded count:  1434607
 -1.36081E+03  1.99613E+00  4.41093E+01
 Step number:         20         Non-bonded count:  1432539
 -1.51455E+03  1.11638E+00  2.29208E+01
 Step number:         30         Non-bonded count:  1434485
 -1.57366E+03  7.67153E-01  2.33170E+01
 Step number:         40         Non-bonded count:  1435594
 -1.60395E+03  5.73246E-01  1.09380E+01
 Step number:         50         Non-bonded count:  1436316
 -1.62037E+03  4.06815E-01  6.85510E+00
 Step number:         60         Non-bonded count:  1435056
 -1.62989E+03  3.12881E-01  4.20033E+00
 Step number:         70         Non-bonded count:  1435815
 -1.63583E+03  2.59786E-01  5.40400E+00
 Step number:         80         Non-bonded count:  1436554
 -1.63994E+03  2.37982E-01  3.77803E+00
 Step number:         90         Non-bonded count:  1436113
 -1.64362E+03  2.10547E-01  2.87115E+00
 Step number:        100         Non-bonded count:  1435826
 -1.64724E+03  1.90794E-01  3.49425E+00
 Step number:        100         Non-bonded count:  1435340
 -1.64719E+03  1.90793E-01  3.49425E+00
      Current coord. are written to file: "prepwizard-impref_1.min0_coord.rst"
      Box dimensions not written
      Current coordinates are read from file: "prepwizard-impref_1.init_coord.rst"
      Box dimensions not read
          read from "prepwizard-impref_1.init_coord.rst"
  
 Energy and Force Generation Info: 
 --------------------------------- 
 Number of E&F called:     265
 PARM read from file "paramstd.dat"
 Parameter obtained from atomtyping
      Current coordinates are read from file: "prepwizard-impref_1.min0_coord.rst"
      Box dimensions not read
          read from "prepwizard-impref_1.min0_coord.rst"


 Total number of atoms  =  4593
 
 Neighbor List Cutoff Settings
 ==================================
 Cutoff radius:   10.0000000000000     
 Update frequency: every           10  steps
 Species   1 : Neighbors are calculated on a per residue basis
 Species   1 : Cutoff by inter-atomic distances
 
 Step number:          0         Non-bonded count:  1435340
 E-pot        RMS grad     Max grad    
  2.24331E+02  5.99258E+00  5.89853E+01
 Step number:         10         Non-bonded count:  1435340
 -7.11406E+02  1.69434E+00  2.71328E+01
 Step number:         20         Non-bonded count:  1435790
 -8.30610E+02  9.62112E-01  2.00019E+01
 Step number:         30         Non-bonded count:  1434705
 -8.73400E+02  5.77750E-01  6.83478E+00
 Step number:         40         Non-bonded count:  1434857
 -8.93020E+02  4.20517E-01  1.31991E+01
 Step number:         50         Non-bonded count:  1435649
 -9.01553E+02  3.01760E-01  5.36639E+00
 Step number:         60         Non-bonded count:  1434407
 -9.07323E+02  2.62574E-01  6.55478E+00
 Step number:         70         Non-bonded count:  1433865
 -9.10873E+02  1.98980E-01  3.94016E+00
 Step number:         80         Non-bonded count:  1434527
 -9.13511E+02  1.83788E-01  4.48755E+00
 Step number:         90         Non-bonded count:  1435407
 -9.15633E+02  1.52398E-01  4.89992E+00
 Step number:        100         Non-bonded count:  1434938
 -9.17058E+02  1.30838E-01  2.31502E+00
 Step number:        100         Non-bonded count:  1434381
 -9.17025E+02  1.30838E-01  2.31502E+00
  
 Energy and Force Generation Info: 
 --------------------------------- 
 Number of E&F called:     522


Final Energy Reports:
------------------------------------
 Total Energy of the system...... -9.17025E+02 kcal/mol
 Total Potential Energy.......... -9.17025E+02 kcal/mol
 Total Kinetic Energy............  0.00000E+00 kcal/mol
 Temperature of the system.......        0.000 K
 Bond Stretch Energy.............  9.36216E+01 kcal/mol
 Angle Bending Energy............  5.28772E+02 kcal/mol
 Torsion Angle Energy............  5.04435E+02 kcal/mol
 Restraining Energy for Torsions.  0.00000E+00 kcal/mol
 1,4 Lennard Jones Energy........  1.51165E+03 kcal/mol
 1,4 Electrostatic Energy........  6.04562E+02 kcal/mol
 Lennard Jones Energy............ -2.55690E+03 kcal/mol
 Electrostatic Energy............ -1.79714E+03 kcal/mol
 H-bond Energy...................  0.00000E+00 kcal/mol
 
 Exiting IMPACT execution environment 
 Date: Wednesday, March 08 2023, at 09:54:03 CST
%IMPACT-I (timit): Total CPU time =      31.67 seconds (   0.5 minutes)
Total elapsed time = 32 seconds
  ** Completed refinement level 0      rmsd =  0.102
  **
  ** Beginning refinement level 1
  **

[cadd90]
%IMPACT-I (openwt): Request to open FORMATTED file prepwizard-impref_1_ref1.out on unit   2
 Entering IMPACT execution environment 
 Date: Wednesday, March 08 2023, at 09:54:05 CST
 Impact version 91117
 mmshare version        54117
 Copyright (c) Schrodinger, LLC.
 All Rights Reserved.

 Host: Linux cadd90 3.10.0-1160.el7.x86_64 #1 SMP Tue Aug 18 14:50:17 EDT 2020 x86_64
 Job Name: prepwizard-impref_1_ref1
 SCHRODINGER  directory: /home/sdr21/schrodinger21-2_crack
 IMPACT_EXEC  directory: /home/sdr21/schrodinger21-2_crack/impact-v9.1/bin/Linux-x86_64
 MMSHARE_EXEC directory: /home/sdr21/schrodinger21-2_crack/mmshare-v5.4/bin/Linux-x86_64

 Clock-based global random seed:     1678240445
%IMPACT-I(foldmain): calling S-OPLS atomtyping ...
%IMPACT-I(foldmain): finished parameter assignment
 PARM read from file "paramstd.dat"
 Parameter obtained from atomtyping


 Total number of atoms  =  4593
 
 Neighbor List Cutoff Settings
 ==================================
 Cutoff radius:   10.0000000000000     
 Update frequency: every           10  steps
 Species   1 : Neighbors are calculated on a per residue basis
 Species   1 : Cutoff by inter-atomic distances
 
 Step number:          0         Non-bonded count:  1434381
 E-pot        RMS grad     Max grad    
 -1.11092E+03  7.61895E-01  6.39251E+00
 Step number:         10         Non-bonded count:  1434381
 -1.19328E+03  7.82185E-01  2.22886E+01
 Step number:         20         Non-bonded count:  1433417
 -1.22886E+03  4.66876E-01  5.65178E+00
 Step number:         30         Non-bonded count:  1436248
 -1.24275E+03  3.40858E-01  1.25779E+01
 Step number:         40         Non-bonded count:  1434022
 -1.24818E+03  2.43314E-01  3.69617E+00
 Step number:         50         Non-bonded count:  1434305
 -1.25145E+03  1.73106E-01  3.34037E+00
 Step number:         60         Non-bonded count:  1433698
 -1.25330E+03  1.39156E-01  2.80355E+00
 Step number:         70         Non-bonded count:  1433858
 -1.25393E+03  1.09102E-01  1.41501E+00
 Step number:         80         Non-bonded count:  1434918
 -1.25479E+03  9.94240E-02  1.57551E+00
 Step number:         90         Non-bonded count:  1434740
 -1.25545E+03  8.55164E-02  2.61155E+00
 Step number:        100         Non-bonded count:  1435303
 -1.25590E+03  7.71213E-02  1.31758E+00
 Step number:        100         Non-bonded count:  1435501
 -1.25577E+03  7.71471E-02  1.31758E+00
  
 Energy and Force Generation Info: 
 --------------------------------- 
 Number of E&F called:     267


Final Energy Reports:
------------------------------------
 Total Energy of the system...... -1.25577E+03 kcal/mol
 Total Potential Energy.......... -1.25577E+03 kcal/mol
 Total Kinetic Energy............  0.00000E+00 kcal/mol
 Temperature of the system.......        0.000 K
 Bond Stretch Energy.............  1.28312E+02 kcal/mol
 Angle Bending Energy............  5.79979E+02 kcal/mol
 Torsion Angle Energy............  4.61992E+02 kcal/mol
 Restraining Energy for Torsions.  0.00000E+00 kcal/mol
 1,4 Lennard Jones Energy........  1.38758E+03 kcal/mol
 1,4 Electrostatic Energy........  5.95333E+02 kcal/mol
 Lennard Jones Energy............ -2.71442E+03 kcal/mol
 Electrostatic Energy............ -1.75228E+03 kcal/mol
 H-bond Energy...................  0.00000E+00 kcal/mol
 
 Exiting IMPACT execution environment 
 Date: Wednesday, March 08 2023, at 09:54:29 CST
%IMPACT-I (timit): Total CPU time =      23.55 seconds (   0.4 minutes)
Total elapsed time = 24 seconds
  ** Completed refinement level 1      rmsd =  0.187
  **
  ** Beginning refinement level 2
  **

[cadd90]
%IMPACT-I (openwt): Request to open FORMATTED file prepwizard-impref_1_ref2.out on unit   2
 Entering IMPACT execution environment 
 Date: Wednesday, March 08 2023, at 09:54:30 CST
 Impact version 91117
 mmshare version        54117
 Copyright (c) Schrodinger, LLC.
 All Rights Reserved.

 Host: Linux cadd90 3.10.0-1160.el7.x86_64 #1 SMP Tue Aug 18 14:50:17 EDT 2020 x86_64
 Job Name: prepwizard-impref_1_ref2
 SCHRODINGER  directory: /home/sdr21/schrodinger21-2_crack
 IMPACT_EXEC  directory: /home/sdr21/schrodinger21-2_crack/impact-v9.1/bin/Linux-x86_64
 MMSHARE_EXEC directory: /home/sdr21/schrodinger21-2_crack/mmshare-v5.4/bin/Linux-x86_64

 Clock-based global random seed:     1678240470
%IMPACT-I(foldmain): calling S-OPLS atomtyping ...
%IMPACT-I(foldmain): finished parameter assignment
 PARM read from file "paramstd.dat"
 Parameter obtained from atomtyping


 Total number of atoms  =  4593
 
 Neighbor List Cutoff Settings
 ==================================
 Cutoff radius:   10.0000000000000     
 Update frequency: every           10  steps
 Species   1 : Neighbors are calculated on a per residue basis
 Species   1 : Cutoff by inter-atomic distances
 
 Step number:          0         Non-bonded count:  1435501
 E-pot        RMS grad     Max grad    
 -1.31350E+03  2.37082E-01  2.48913E+00
 Step number:         10         Non-bonded count:  1435501
 -1.33239E+03  6.23123E-01  8.06399E+00
 Step number:         20         Non-bonded count:  1433963
 -1.34950E+03  4.11742E-01  5.79251E+00
 Step number:         30         Non-bonded count:  1433385
 -1.35755E+03  3.13371E-01  3.72648E+00
 Step number:         40         Non-bonded count:  1431543
 -1.36224E+03  2.31398E-01  2.95658E+00
 Step number:         50         Non-bonded count:  1430869
 -1.36575E+03  2.02702E-01  3.20632E+00
 Step number:         60         Non-bonded count:  1431308
 -1.36841E+03  1.69011E-01  2.58998E+00
 Step number:         70         Non-bonded count:  1430506
 -1.36997E+03  1.45840E-01  2.27947E+00
 Step number:         80         Non-bonded count:  1430602
 -1.37123E+03  1.23567E-01  1.57827E+00
 Step number:         90         Non-bonded count:  1431792
 -1.37248E+03  1.08021E-01  1.49808E+00
 Step number:        100         Non-bonded count:  1431265
 -1.37323E+03  1.00545E-01  1.23341E+00
 Step number:        100         Non-bonded count:  1431594
 -1.37330E+03  1.00556E-01  1.23341E+00
  
 Energy and Force Generation Info: 
 --------------------------------- 
 Number of E&F called:     262


Final Energy Reports:
------------------------------------
 Total Energy of the system...... -1.37330E+03 kcal/mol
 Total Potential Energy.......... -1.37330E+03 kcal/mol
 Total Kinetic Energy............  0.00000E+00 kcal/mol
 Temperature of the system.......        0.000 K
 Bond Stretch Energy.............  1.38095E+02 kcal/mol
 Angle Bending Energy............  5.91874E+02 kcal/mol
 Torsion Angle Energy............  4.27276E+02 kcal/mol
 Restraining Energy for Torsions.  0.00000E+00 kcal/mol
 1,4 Lennard Jones Energy........  1.35694E+03 kcal/mol
 1,4 Electrostatic Energy........  5.91955E+02 kcal/mol
 Lennard Jones Energy............ -2.77627E+03 kcal/mol
 Electrostatic Energy............ -1.73478E+03 kcal/mol
 H-bond Energy...................  0.00000E+00 kcal/mol
 
 Exiting IMPACT execution environment 
 Date: Wednesday, March 08 2023, at 09:54:53 CST
%IMPACT-I (timit): Total CPU time =      22.92 seconds (   0.4 minutes)
Total elapsed time = 23 seconds
  ** Completed refinement level 2      rmsd =  0.278
  **
  ** Beginning refinement level 3
  **

[cadd90]
%IMPACT-I (openwt): Request to open FORMATTED file prepwizard-impref_1_ref3.out on unit   2
 Entering IMPACT execution environment 
 Date: Wednesday, March 08 2023, at 09:54:55 CST
 Impact version 91117
 mmshare version        54117
 Copyright (c) Schrodinger, LLC.
 All Rights Reserved.

 Host: Linux cadd90 3.10.0-1160.el7.x86_64 #1 SMP Tue Aug 18 14:50:17 EDT 2020 x86_64
 Job Name: prepwizard-impref_1_ref3
 SCHRODINGER  directory: /home/sdr21/schrodinger21-2_crack
 IMPACT_EXEC  directory: /home/sdr21/schrodinger21-2_crack/impact-v9.1/bin/Linux-x86_64
 MMSHARE_EXEC directory: /home/sdr21/schrodinger21-2_crack/mmshare-v5.4/bin/Linux-x86_64

 Clock-based global random seed:     1678240495
%IMPACT-I(foldmain): calling S-OPLS atomtyping ...
%IMPACT-I(foldmain): finished parameter assignment
 PARM read from file "paramstd.dat"
 Parameter obtained from atomtyping


 Total number of atoms  =  4593
 
 Neighbor List Cutoff Settings
 ==================================
 Cutoff radius:   10.0000000000000     
 Update frequency: every           10  steps
 Species   1 : Neighbors are calculated on a per residue basis
 Species   1 : Cutoff by inter-atomic distances
 
 Step number:          0         Non-bonded count:  1431594
 E-pot        RMS grad     Max grad    
 -1.40486E+03  1.37523E-01  1.26090E+00
 Step number:         10         Non-bonded count:  1431594
 -1.41010E+03  3.40845E-01  8.20637E+00
 Step number:         20         Non-bonded count:  1430686
 -1.42041E+03  3.05575E-01  6.02321E+00
 Step number:         30         Non-bonded count:  1432255
 -1.42722E+03  2.47266E-01  3.38021E+00
 Step number:         40         Non-bonded count:  1432288
 -1.43218E+03  2.32793E-01  5.22887E+00
 Step number:         50         Non-bonded count:  1430228
 -1.43558E+03  2.74316E-01  6.19809E+00
 Step number:         60         Non-bonded count:  1430036
 -1.43894E+03  1.70968E-01  2.49348E+00
 Step number:         70         Non-bonded count:  1428735
 -1.44077E+03  1.56275E-01  4.13486E+00
 Step number:         80         Non-bonded count:  1429538
 -1.44226E+03  1.35833E-01  2.43241E+00
 Step number:         90         Non-bonded count:  1429163
 -1.44432E+03  1.23703E-01  4.55198E+00
 Step number:        100         Non-bonded count:  1430054
 -1.44502E+03  9.95756E-02  1.80171E+00
 Step number:        100         Non-bonded count:  1429147
 E-pot        RMS grad     Max grad    
 -1.44495E+03  9.95817E-02  1.80171E+00
  
 Energy and Force Generation Info: 
 --------------------------------- 
 Number of E&F called:     285


Final Energy Reports:
------------------------------------
 Total Energy of the system...... -1.44495E+03 kcal/mol
 Total Potential Energy.......... -1.44495E+03 kcal/mol
 Total Kinetic Energy............  0.00000E+00 kcal/mol
 Temperature of the system.......        0.000 K
 Bond Stretch Energy.............  1.40692E+02 kcal/mol
 Angle Bending Energy............  5.94269E+02 kcal/mol
 Torsion Angle Energy............  4.05852E+02 kcal/mol
 Restraining Energy for Torsions.  0.00000E+00 kcal/mol
 1,4 Lennard Jones Energy........  1.35079E+03 kcal/mol
 1,4 Electrostatic Energy........  5.91067E+02 kcal/mol
 Lennard Jones Energy............ -2.80996E+03 kcal/mol
 Electrostatic Energy............ -1.73523E+03 kcal/mol
 H-bond Energy...................  0.00000E+00 kcal/mol
 
 Exiting IMPACT execution environment 
 Date: Wednesday, March 08 2023, at 09:55:20 CST
%IMPACT-I (timit): Total CPU time =      24.73 seconds (   0.4 minutes)
Total elapsed time = 25 seconds
  ** Completed refinement level 3      rmsd =  0.395

** Refinement finished. Final level: 2

** The refined complex file is prepwizard-impref_1_ref.mae.
